chair  n. 椅子；讲座；（会议的）主席位；大学教授的职位 vt. 担任（会议的）主席；使…入座；使就任要职 n. (Chair)人名；(法)谢尔 英[tʃeə]  美[tʃɛr]
grea  n. (Grea)人名；(意)格雷亚 
great  adj. 伟大的，重大的；极好的，好的；主要的 n. 大师；大人物；伟人们 英[greɪt]  美[ɡret]
test  n. 试验；检验 vt. 试验；测试 vi. 试验；测试 n. (Test)人名；(英)特斯特 英[test]  美[tɛst]
test  n. 试验；检验 vt. 试验；测试 vi. 试验；测试 n. (Test)人名；(英)特斯特 英[test]  美[tɛst]
test  n. 试验；检验 vt. 试验；测试 vi. 试验；测试 n. (Test)人名；(英)特斯特 英[test]  美[tɛst]
palindrome  n. 回文 英['pælɪndrəʊm]  美['pælɪn'drom]
palindrome  n. 回文 英['pælɪndrəʊm]  美['pælɪn'drom]
calculate  vi. 计算；以为；作打算 vt. 计算；预测；认为；打算 英['kælkjʊleɪt]  美['kælkjulet]
zielony  Zielony Zakątek Tobias Zielony Hotel Zielony ciemiernik zielony Zielony Apple Zielony Dworek zielony sztandar las mieszany wiecznie zielony las liściasty wiecznie zielony 
zielony  Zielony Zakątek Tobias Zielony Hotel Zielony ciemiernik zielony Zielony Apple Zielony Dworek zielony sztandar las mieszany wiecznie zielony las liściasty wiecznie zielony 
lala  n. （在印度用于姓名之前的称呼）先生；莱拉（女子名）；康铜 ['lɑ:lɑ:]
life  n. 生活，生存；寿命 英[laɪf]  美[laɪf]
epic  adj. 史诗的，叙事诗的 n. 史诗；叙事诗；史诗般的作品 英['epɪk]  美['ɛpɪk]
句号  period full stop 
句号  period full stop 
life  n. 生活，生存；寿命 英[laɪf]  美[laɪf]
撤销  revocation backout repeal annul put the bee on 
实现  realize come true 
平行  parallel parallel simultaneous of equal rank on an equal footing 
平行  parallel parallel simultaneous of equal rank on an equal footing 
i  pron. 我 n. 碘元素；英语字母I 英[aɪ]
可替代  fungible 
可替代性  fungibility 
输入法  input method 
修正错误  debug 
修正错误  debug 
介绍  presentation referral introduce recommend 
evoke  vt. 引起，唤起；博得 英[ɪ'vəʊk]  美[ɪ'vok]
大多数情况下  for the most part in most cases in most situations 
大多数情况下  for the most part in most cases in most situations 
连续  succession continuous 
连续  succession continuous 
连  even join connect link successively 
符号  symbol 
定制  customization custom-made 
d  n. 字母D 英[diː]  美[di]
特制版  末路狂花特制版 
特制  tailoring made-to-measure made-to-order manufacture for a special purpose purpose made 
特  special unusual very extraordinary spy 
pruge   
pruge   
yi  n. 彝语；彝人 英[jɪ]  美
yidon   
pru  abbr. 外围阻力单位（Peripheral Resistance Unit） n. (Pru)人名；(缅)布鲁 
pruge   
purge  vi. 净化；通便 vt. 净化；清洗；通便 n. 净化；泻药 英[pɜːdʒ]  美[pɝdʒ]
purge  vi. 净化；通便 vt. 净化；清洗；通便 n. 净化；泻药 英[pɜːdʒ]  美[pɝdʒ]
jot  vt. 略记；摘要记载下来 n. 少量；稍许 英[dʒɒt]  美[dʒɑt]
wei dai ma   
两个小  两个小印第安 两个小印第安人 两个小射手 两个小捣蛋 另外两个小男孩 两个小园丁 一生两个小蜜 两个小八路 两个小足球队 两个小洛特 
两个小瓶水   
两个小瓶水   
两个小瓶水装到一个大瓶里   
花括号  brace 
以下  under below hereinafter 
以下简称  hereinafter referred to as 
stash  n. 藏匿处；藏匿物 vt. 存放；贮藏 vi. 存放；藏起来 英[stæʃ]  美
satan  n. 撒旦；魔鬼 ['setn]
