{"title": "ok", "subtitle": "好吧", "arg": "ok$%好吧$%ok$%$%",         "icon": "icon.png"}
{"title": "hello", "subtitle": "你好", "arg": "hello$%你好$%hello$%$%",         "icon": "icon.png"}
{"title": "life", "subtitle": "生活", "arg": "life$%生活$%life$%$%",         "icon": "icon.png"}
{"title": "epic", "subtitle": "史诗", "arg": "epic$%史诗$%epic$%$%",         "icon": "icon.png"}
{"title": "句号", "subtitle": "An end", "arg": "句号$%An end$%An end$%$%",         "icon": "icon.png"}
{"title": "句号", "subtitle": "An end", "arg": "句号$%An end$%An end$%$%",         "icon": "icon.png"}
{"title": "life", "subtitle": "生活", "arg": "life$%生活$%life$%$%",         "icon": "icon.png"}
{"title": "撤销", "subtitle": "undo", "arg": "撤销$%undo$%undo$%$%",         "icon": "icon.png"}
{"title": "实现", "subtitle": "implementation", "arg": "实现$%implementation$%implementation$%$%",         "icon": "icon.png"}
{"title": "输入法", "subtitle": "The input method", "arg": "输入法$%The input method$%The input method$%$%",         "icon": "icon.png"}
{"title": "修正错误", "subtitle": "Correct mistakes", "arg": "修正错误$%Correct mistakes$%Correct mistakes$%$%",         "icon": "icon.png"}
{"title": "修正错误", "subtitle": "Correct mistakes", "arg": "修正错误$%Correct mistakes$%Correct mistakes$%$%",         "icon": "icon.png"}
{"title": "介绍", "subtitle": "introduce", "arg": "介绍$%introduce$%introduce$%$%",         "icon": "icon.png"}
{"title": "evoke", "subtitle": "唤起", "arg": "evoke$%唤起$%evoke$%$%",         "icon": "icon.png"}
{"title": "大多数", "subtitle": "Most of the", "arg": "大多数$%Most of the$%Most of the$%$%",         "icon": "icon.png"}
{"title": "大多数情况下", "subtitle": "In most cases", "arg": "大多数情况下$%In most cases$%In most cases$%$%",         "icon": "icon.png"}
{"title": "大多数情况下", "subtitle": "In most cases", "arg": "大多数情况下$%In most cases$%In most cases$%$%",         "icon": "icon.png"}
{"title": "连续", "subtitle": "continuous", "arg": "连续$%continuous$%continuous$%$%",         "icon": "icon.png"}
{"title": "连续", "subtitle": "continuous", "arg": "连续$%continuous$%continuous$%$%",         "icon": "icon.png"}
{"title": "连", "subtitle": "even", "arg": "连$%even$%even$%$%",         "icon": "icon.png"}
{"title": "符号", "subtitle": "symbol", "arg": "符号$%symbol$%symbol$%$%",         "icon": "icon.png"}
{"title": "d", "subtitle": "d", "arg": "d$%d$%d$%$%",         "icon": "icon.png"}
{"title": "定制", "subtitle": "custom", "arg": "定制$%custom$%custom$%$%",         "icon": "icon.png"}
{"title": "特制版", "subtitle": "Special edition", "arg": "特制版$%Special edition$%Special edition$%$%",         "icon": "icon.png"}
{"title": "特制", "subtitle": "special", "arg": "特制$%special$%special$%$%",         "icon": "icon.png"}
{"title": "特", "subtitle": ",", "arg": "特$%,$%,$%$%",         "icon": "icon.png"}
{"title": "p", "subtitle": "p", "arg": "p$%p$%p$%$%",         "icon": "icon.png"}
{"title": "pruge", "subtitle": "pruge", "arg": "pruge$%pruge$%pruge$%$%",         "icon": "icon.png"}
{"title": "pruge", "subtitle": "pruge", "arg": "pruge$%pruge$%pruge$%$%",         "icon": "icon.png"}
{"title": "yi", "subtitle": "易", "arg": "yi$%易$%yi$%$%",         "icon": "icon.png"}
{"title": "yidon", "subtitle": "yidon", "arg": "yidon$%yidon$%yidon$%$%",         "icon": "icon.png"}
{"title": "yidongjuli", "subtitle": "yidongjuli", "arg": "yidongjuli$%yidongjuli$%yidongjuli$%$%",         "icon": "icon.png"}
{"title": "pr", "subtitle": "公关", "arg": "pr$%公关$%pr$%$%",         "icon": "icon.png"}
{"title": "purge", "subtitle": "清洗", "arg": "purge$%清洗$%purge$%$%",         "icon": "icon.png"}
{"title": "purge", "subtitle": "清洗", "arg": "purge$%清洗$%purge$%$%",         "icon": "icon.png"}
{"title": "jot", "subtitle": "记", "arg": "jot$%记$%jot$%$%",         "icon": "icon.png"}
{"title": "wei dai ma", "subtitle": "魏戴马", "arg": "wei dai ma$%魏戴马$%wei dai ma$%$%",         "icon": "icon.png"}
{"title": "两个", "subtitle": "two", "arg": "两个$%two$%two$%$%",         "icon": "icon.png"}
{"title": "两个小", "subtitle": "Two small", "arg": "两个小$%Two small$%Two small$%$%",         "icon": "icon.png"}
{"title": "两个小瓶水", "subtitle": "Two small bottle of water", "arg": "两个小瓶水$%Two small bottle of water$%Two small bottle of water$%$%",         "icon": "icon.png"}
{"title": "两个小瓶水", "subtitle": "Two small bottle of water", "arg": "两个小瓶水$%Two small bottle of water$%Two small bottle of water$%$%",         "icon": "icon.png"}
{"title": "两个小瓶水装到一个大瓶里", "subtitle": "Two small bottle of water into a large bottle", "arg": "两个小瓶水装到一个大瓶里$%Two small bottle of water into a large bottle$%Two small bottle of water into a large bottle$%$%",         "icon": "icon.png"}
{"title": "花括号", "subtitle": "Curly braces", "arg": "花括号$%Curly braces$%Curly braces$%$%",         "icon": "icon.png"}
{"title": "以下", "subtitle": "The following", "arg": "以下$%The following$%The following$%$%",         "icon": "icon.png"}
{"title": "以下简称", "subtitle": "Hereinafter referred to as", "arg": "以下简称$%Hereinafter referred to as$%Hereinafter referred to as$%$%",         "icon": "icon.png"}
{"title": "stash", "subtitle": "藏", "arg": "stash$%藏$%stash$%$%",         "icon": "icon.png"}
